ID_GL	TglGL	ID_Iface	ID_SOFF	Desc_SOFF	ID_DSR	ID_Pers	NamaSales	Note	COASumber	ID_COA	AmtDB	AmtCR	NoteDet	Bulan
7103721912	2016-05-02	SDE	1210	KP Bandung	71037219	04411	Tayudin	Expense DSR 71037219 Tgl. 2016-05-02 (Tayudin)	11111210	64000325	40000.00	NULL	NULL	201605
9110728	2016-04-18	KBE	1212	KP Sukabumi	NULL	NULL	NULL	Tenaga luar pengganti Asep sumarna tdk masuk tgl 18-04-2016 D8727EE	11111212	64000701	55000.00	NULL	Tenaga luar pengganti Asep sumarna tdk masuk tgl 1	201604
9126048	2016-09-20	KBE	1540	KP Jember	NULL	NULL	NULL	exp. B.Yuli (KA) bi. TT carrefour	11111540	64000917	12000.00	NULL	KA-B.Yuli-bi.pengiriman pos TT carrefour u/ kantor	201609
9116633	2016-06-13	KBE	1530	KP Malang	NULL	NULL	NULL	Exp. Juniadi (N6867CC) By Materai	11111530	92000199	2000.00	NULL	by materai prima rasa	201606
9100910	2016-01-11	KBE	1440	KP Purwokerto	NULL	NULL	NULL	Pembayaran Biaya: Rudi B9359UCM: Biaya materai	11111440	92000199	4000.00	NULL	Biaya materai	201601
7103721912	2016-05-02	SDE	1210	KP Bandung	71037219	04411	Tayudin	Expense DSR 71037219 Tgl. 2016-05-02 (Tayudin)	11111210	64000923	110100.00	NULL	NULL	201605
9112056	2016-04-30	KBE	1410	KP Semarang	NULL	NULL	NULL	FERRY B 9328 UCN	11111410	64000701	330000.00	NULL	HELPER LUAR 6 HARI 25-30 APR 2016 U/ANDEK	201604
9126712	2016-09-26	KBE	1530	KP Malang	NULL	NULL	NULL	Exp. Juniadi (N6867CC) By Materai	11111530	92000199	7000.00	NULL	materai bg A26, avia	201609
9123463	2016-08-25	KBY	1320	KP Jkt Cipondoh	NULL	NULL	NULL	Koreksi No Dok. 9123462	11111320	92000315	NULL	208000.00	NULL	201608
9103566	2016-02-05	KBE	1420	KP Yogyakarta	NULL	NULL	NULL	BOWO/ HELPER LUAR/ BIAYA HELPER LUAR TGL 04-05 FEB'16	11111420	64000701	90000.00	NULL	IKUT SAPTO DAN YOYOK	201602
9100317	2016-01-06	KBE	1460	KP Pati	NULL	NULL	NULL	Pembayaran Biaya Rahayu Manggih B 9354 UCM	11111460	64000913	200000.00	NULL	Bi FA rute Cepu tgl 4-6/1/2016 uI 2 org	201601
9107811	2016-03-18	KBE	1380	KP Bogor	NULL	NULL	NULL	Materai Toko Ngesti djayaabadi	11111380	92000199	4000.00	NULL	Materai Toko Ngesti djayaabadi	201603
9102570	2016-01-27	KBE	1380	KP Bogor	NULL	NULL	NULL	Asst Luar B 9263 PCI pengganti Musa	11111380	64000701	50000.00	NULL	Asst Luar B 9263 PCI pengganti Musa	201601
9106815	2016-03-08	KBE	1310	KP Jkt Pulo Gadung	NULL	NULL	NULL	Biaya Kliring	11111310	64000325	2000.00	NULL	Parkir	201603
9100317	2016-01-06	KBE	1460	KP Pati	NULL	NULL	NULL	Pembayaran Biaya Rahayu Manggih B 9354 UCM	11111460	64000913	200000.00	NULL	Bi hotel Lawu tgl 4-6/1/2016 uI 2 org	201601
9121803	2016-08-08	KBE	1380	KP Bogor	NULL	NULL	NULL	Biaya Kliring Giro 7 x 2.000	11111380	92000199	14000.00	NULL	Biaya Kliring Giro 7 x 2.000	201608
9106815	2016-03-08	KBE	1310	KP Jkt Pulo Gadung	NULL	NULL	NULL	Biaya Kliring	11111310	92000199	9000.00	NULL	Kliring	201603
9120807	2016-07-29	KBE	1430	KP Solo	NULL	NULL	NULL	Rudi P/Drp/B 9251 UCJ : Ijin kota Klaten	11111430	64000321	10000.00	NULL	Ijin masuk kota Klaten	201607
9112649	2016-05-04	KBE	1460	KP Pati	NULL	NULL	NULL	Pembayaran Biaya Efri B 9355 UCM	11111460	64000913	240000.00	NULL	Bi FA rute Jepara tgl 2-4/05/2016 uI 2 org	201605
9104823	2016-02-18	KBE	1420	KP Yogyakarta	NULL	NULL	NULL	EKO S/ OT/ P.O DAN BIAYA MATERAI	11111420	64000915	3000.00	NULL	P.O	201602
9107479	2016-03-16	KBE	1540	KP Jember	NULL	NULL	NULL	exp. Erick (Ast.luar B1535PKV)	11111540	64000701	45000.00	NULL	Erick-bi.upah u/ ast.Luar B1535PKV tgl 16/03/16	201603
9100981	2016-01-12	KBE	1212	KP Sukabumi	NULL	NULL	NULL	Biaya pulang setor menggunakan kendaraan umum dari bank ke kantor	11111212	64000913	8000.00	NULL	Biaya pulang setor menggunakan kendaraan umum dari	201601
9100578	2016-01-08	KBE	1530	KP Malang	NULL	NULL	NULL	Exp. Ina (Adm) By u/Keperluan Kantor	11111530	64000325	6000.00	NULL	B9217PCI - ina - parkir	201601
9118886	2016-07-11	KBE	1212	KP Sukabumi	NULL	NULL	NULL	Biaya kirim dokumen ke pulogadung via TiKi	11111212	64000917	15000.00	NULL	Biaya kirim dokumen ke pulogadung via TiKi	201607
9123131	2016-08-22	KBE	1530	KP Malang	NULL	NULL	NULL	By Sercive Lampu	11111530	64000132	10000.00	NULL	By Sercive Lampu	201608
9112649	2016-05-04	KBE	1460	KP Pati	NULL	NULL	NULL	Pembayaran Biaya Efri B 9355 UCM	11111460	64000913	300000.00	NULL	Hotel Segoro tgl 2-4/05/2016 uI 2 org	201605
9100578	2016-01-08	KBE	1530	KP Malang	NULL	NULL	NULL	Exp. Ina (Adm) By u/Keperluan Kantor	11111530	64000916	89500.00	NULL	beli pita printer, masker	201601
9105819	2016-02-29	KBE	1430	KP Solo	NULL	NULL	NULL	Windiyono/BO : BBM B 9732 PCJ (ex Spv)	11111430	64000326	255800.00	NULL	Premium B 9732 PCJ : 36.27 Lt/km 11381 - 11530	201602
9125455	2016-09-14	KBE	1210	KP Bandung	NULL	NULL	NULL	Sewa Motor D4940KX Penganti Sales TO	11111210	64000924	28100.00	NULL	Sewa Motor D4940KX Penganti Sales TO	201609
9122467	2016-08-15	KBE	1360	KP Serang	NULL	NULL	NULL	BBM B9261PCI 15/08/2016	11111360	64000326	195000.00	NULL	Km 22142	201608
9100578	2016-01-08	KBE	1530	KP Malang	NULL	NULL	NULL	Exp. Ina (Adm) By u/Keperluan Kantor	11111530	64000132	75000.00	NULL	by las perbaikan hand pallet	201601
9104823	2016-02-18	KBE	1420	KP Yogyakarta	NULL	NULL	NULL	EKO S/ OT/ P.O DAN BIAYA MATERAI	11111420	92000199	4000.00	NULL	BIAYA MATERAI	201602
9100578	2016-01-08	KBE	1530	KP Malang	NULL	NULL	NULL	Exp. Ina (Adm) By u/Keperluan Kantor	11111530	92000199	2500.00	NULL	by pencairan cek mandiri	201601
9127376	2016-09-30	BBD	1210	KP Bandung	NULL	NULL	NULL	Materai	11141210	92000199	6000.00	NULL	NULL	201609
9125384	2016-09-14	KBE	1360	KP Serang	NULL	NULL	NULL	Beli Materai @6000 / 40 buah	11111360	64000916	240000.00	NULL	Beli Materai @6000 / 40 buah	201609
9128704	2016-10-13	KBE	1370	KP Jkt Cijantung	NULL	NULL	NULL	Pembayaran Biaya Pembelian Kunci Gembok Mobil B 9355 PCI Menggantikan Yg Lama Rusak - Salesman Dery Yosa	11111370	64000916	20000.00	NULL	Biaya Pembelian Kunci Gembok Mobil B 9355 PCI	201610